<?xml version="1.0" encoding="UTF-8"?>
<!-- Generated by org.testng.reporters.JUnitReportReporter -->
<testsuite skipped="0" hostname="DESKTOP-F6OMAI3" name="testCases.TestCase" tests="1" failures="0" timestamp="04 Sep 2020 18:18:08 GMT" time="94.104" errors="0">
  <testcase name="fullApplicationFlow" time="94.104" classname="testCases.TestCase"/>
</testsuite> <!-- testCases.TestCase -->
